<?xml version="1.0" encoding="UTF-8"?>
<!-- Generated by org.testng.reporters.JUnitReportReporter -->
<testsuite skipped="0" hostname="LAPTOP-DTUF7UPE" name="Parameter.param" tests="1" failures="0" timestamp="25 May 2020 11:33:38 GMT" time="57.621" errors="0">
  <testcase name="LaunchFirFoxWithProfile1" time="57.621" classname="Parameter.param"/>
</testsuite> <!-- Parameter.param -->
