<?xml version="1.0" encoding="UTF-8"?>
<!-- Generated by org.testng.reporters.JUnitReportReporter -->
<testsuite name="ProfileMangement.FirefoxProfile" tests="1" time="7.406" ignored="0" failures="0" timestamp="30 Apr 2020 12:20:16 GMT" skipped="0" hostname="LAPTOP-DTUF7UPE" errors="0">
  <testcase name="launchChromeWithProfile" time="7.406" classname="ProfileMangement.FirefoxProfile"/>
</testsuite> <!-- ProfileMangement.FirefoxProfile -->
