<?xml version="1.0" encoding="UTF-8"?>
<!-- Generated by org.testng.reporters.JUnitReportReporter -->
<testsuite skipped="0" hostname="HareKaSahara-Laptop" name="ProfileMangement.FirefoxProfile_Test" tests="1" failures="0" timestamp="24 Aug 2020 17:35:33 GMT" time="19.227" errors="0">
  <testcase name="launchChromeWithProfile" time="19.227" classname="ProfileMangement.FirefoxProfile_Test"/>
</testsuite> <!-- ProfileMangement.FirefoxProfile_Test -->
