<?xml version="1.0" encoding="UTF-8"?>
<!-- Generated by org.testng.reporters.JUnitReportReporter -->
<testsuite skipped="0" hostname="HareKaSahara-Laptop" name="Parameter.SendMailSSLWithAttachment_Test" tests="1" failures="0" timestamp="24 Aug 2020 17:29:24 GMT" time="3.092" errors="1">
  <testcase name="Test5" time="3.092" classname="Parameter.SendMailSSLWithAttachment_Test">
    <error type="java.lang.RuntimeException" message="javax.mail.MessagingException: IOException while sending message;
  nested exception is:
	java.io.FileNotFoundException: C:\Users\91882\Downloads (Access is denied)">
      <![CDATA[java.lang.RuntimeException: javax.mail.MessagingException: IOException while sending message;
  nested exception is:
java.io.FileNotFoundException: C:\Users\91882\Downloads (Access is denied)
at Parameter.SendMailSSLWithAttachment_Test.Test5(SendMailSSLWithAttachment_Test.java:113)
at sun.reflect.NativeMethodAccessorImpl.invoke0(Native Method)
at sun.reflect.NativeMethodAccessorImpl.invoke(NativeMethodAccessorImpl.java:62)
at sun.reflect.DelegatingMethodAccessorImpl.invoke(DelegatingMethodAccessorImpl.java:43)
at java.lang.reflect.Method.invoke(Method.java:498)
at org.testng.internal.MethodInvocationHelper.invokeMethod(MethodInvocationHelper.java:124)
at org.testng.internal.Invoker.invokeMethod(Invoker.java:583)
at org.testng.internal.Invoker.invokeTestMethod(Invoker.java:719)
at org.testng.internal.Invoker.invokeTestMethods(Invoker.java:989)
at org.testng.internal.TestMethodWorker.invokeTestMethods(TestMethodWorker.java:125)
at org.testng.internal.TestMethodWorker.run(TestMethodWorker.java:109)
at org.testng.TestRunner.privateRun(TestRunner.java:648)
at org.testng.TestRunner.run(TestRunner.java:505)
at org.testng.SuiteRunner.runTest(SuiteRunner.java:455)
at org.testng.SuiteRunner.runSequentially(SuiteRunner.java:450)
at org.testng.SuiteRunner.privateRun(SuiteRunner.java:415)
at org.testng.SuiteRunner.run(SuiteRunner.java:364)
at org.testng.SuiteRunnerWorker.runSuite(SuiteRunnerWorker.java:52)
at org.testng.SuiteRunnerWorker.run(SuiteRunnerWorker.java:84)
at org.testng.TestNG.runSuitesSequentially(TestNG.java:1208)
at org.testng.TestNG.runSuitesLocally(TestNG.java:1137)
at org.testng.TestNG.runSuites(TestNG.java:1049)
at org.testng.TestNG.run(TestNG.java:1017)
at org.apache.maven.surefire.testng.TestNGExecutor.run(TestNGExecutor.java:281)
at org.apache.maven.surefire.testng.TestNGXmlTestSuite.execute(TestNGXmlTestSuite.java:75)
at org.apache.maven.surefire.testng.TestNGProvider.invoke(TestNGProvider.java:121)
at org.apache.maven.surefire.booter.ForkedBooter.invokeProviderInSameClassLoader(ForkedBooter.java:290)
at org.apache.maven.surefire.booter.ForkedBooter.runSuitesInProcess(ForkedBooter.java:242)
at org.apache.maven.surefire.booter.ForkedBooter.main(ForkedBooter.java:121)
Caused by: javax.mail.MessagingException: IOException while sending message;
  nested exception is:
java.io.FileNotFoundException: C:\Users\91882\Downloads (Access is denied)
at com.sun.mail.smtp.SMTPTransport.sendMessage(SMTPTransport.java:1290)
at javax.mail.Transport.send0(Transport.java:255)
at javax.mail.Transport.send(Transport.java:124)
at Parameter.SendMailSSLWithAttachment_Test.Test5(SendMailSSLWithAttachment_Test.java:107)
... 28 more
Caused by: java.io.FileNotFoundException: C:\Users\91882\Downloads (Access is denied)
at java.io.FileInputStream.open0(Native Method)
at java.io.FileInputStream.open(FileInputStream.java:195)
at java.io.FileInputStream.<init>(FileInputStream.java:138)
at javax.activation.FileDataSource.getInputStream(FileDataSource.java:97)
at javax.activation.DataHandler.writeTo(DataHandler.java:305)
at javax.mail.internet.MimeBodyPart.writeTo(MimeBodyPart.java:1645)
at javax.mail.internet.MimeBodyPart.writeTo(MimeBodyPart.java:961)
at javax.mail.internet.MimeMultipart.writeTo(MimeMultipart.java:553)
at com.sun.mail.handlers.multipart_mixed.writeTo(multipart_mixed.java:81)
at javax.activation.ObjectDataContentHandler.writeTo(DataHandler.java:889)
at javax.activation.DataHandler.writeTo(DataHandler.java:317)
at javax.mail.internet.MimeBodyPart.writeTo(MimeBodyPart.java:1645)
at javax.mail.internet.MimeMessage.writeTo(MimeMessage.java:1850)
at com.sun.mail.smtp.SMTPTransport.sendMessage(SMTPTransport.java:1241)
... 31 more
]]>
    </error>
  </testcase> <!-- Test5 -->
</testsuite> <!-- Parameter.SendMailSSLWithAttachment_Test -->
